<?xml version="1.0" encoding="UTF-8"?>
<!-- Generated by org.testng.reporters.JUnitReportReporter -->
<testsuite skipped="0" hostname="TL0017" name="testcase.Runner" tests="3" failures="0" timestamp="2022-02-07T10:50:55 IST" time="58.906" errors="1">
  <testcase name="runScenario" time="21.039" classname="testcase.Runner">
    <error type="java.lang.NullPointerException">
      <![CDATA[java.lang.NullPointerException
at pages.Myhomepage.clickCRM(Myhomepage.java:19)
at ✽.Click on 'CRM/SFA' link(file:///C:/Users/admin/MyWorkspace/POMwithCucumber/src/main/java/features/F02_CreateLead.feature:14)
]]>
    </error>
  </testcase> <!-- runScenario -->
  <system-out/>
  <testcase name="runScenario" time="17.203" classname="testcase.Runner"/>
  <system-out/>
  <testcase name="runScenario" time="20.664" classname="testcase.Runner"/>
  <system-out/>
</testsuite> <!-- testcase.Runner -->
