<?xml version="1.0" encoding="UTF-8"?>
<!-- Generated by org.testng.reporters.JUnitXMLReporter -->
<testsuite hostname="DESKTOP-4CQSLDO" ignored="0" name="Test" tests="8" failures="0" timestamp="2021-09-25T15:03:12 IST" time="186.086" errors="0">
  <testcase name="createLead" time="0.0" classname="testcases.CreatLead">
    <skipped/>
  </testcase> <!-- createLead -->
  <testcase name="login" time="2.858" classname="testcases.VerifyLogin"/>
  <testcase name="editLead" time="35.048" classname="testcases.EditLead"/>
  <testcase name="createLead" time="39.049" classname="testcases.DuplicateLead"/>
  <testcase name="DeleteLead" time="44.503" classname="testcases.DeleteLead"/>
  <testcase name="createLead" time="67.7" classname="testcases.MergeLead">
    <skipped/>
  </testcase> <!-- createLead -->
  <testcase name="createLead" time="37.863" classname="testcases.MergeLead">
    <skipped/>
  </testcase> <!-- createLead -->
  <testcase name="createLead" time="48.224" classname="testcases.MergeLead"/>
</testsuite> <!-- Test -->
