# JRE version: OpenJDK Runtime Environment (16.0.1+9) (build 16.0.1+9-24)
# Java VM: OpenJDK 64-Bit Server VM (16.0.1+9-24, mixed mode, tiered, compressed oops, compressed class ptrs, g1 gc, windows-amd64)
GC Precious Log:
 CPUs: 4 total, 4 available
 Memory: 4017M
 Large Page Support: Disabled
 NUMA Support: Disabled
 Compressed Oops: Enabled (32-bit)
 Heap Region Size: 1M
 Heap Min Capacity: 8M
 Heap Initial Capacity: 64M
 Heap Max Capacity: 1006M
 Pre-touch: Disabled
 Parallel Workers: 4
 Concurrent Workers: 1
 Concurrent Refinement Workers: 4
 Periodic GC: Disabled
Heap:
 garbage-first heap   total 43008K, used 42081K [0x00000000c1200000, 0x0000000100000000)
  region size 1024K, 13 young (13312K), 0 survivors (0K)
 Metaspace       used 28144K, committed 28288K, reserved 1081344K
  class space    used 3130K, committed 3200K, reserved 1048576K
GC Heap History (11 events):
Event: 0.661 GC heap before
{Heap before GC invocations=0 (full 0):
 garbage-first heap   total 65536K, used 12288K [0x00000000c1200000, 0x0000000100000000)
  region size 1024K, 13 young (13312K), 0 survivors (0K)
 Metaspace       used 7535K, committed 7680K, reserved 1056768K
  class space    used 632K, committed 704K, reserved 1048576K
}
Event: 0.668 GC heap after
{Heap after GC invocations=1 (full 0):
 garbage-first heap   total 65536K, used 4044K [0x00000000c1200000, 0x0000000100000000)
  region size 1024K, 2 young (2048K), 2 survivors (2048K)
 Metaspace       used 7535K, committed 7680K, reserved 1056768K
  class space    used 632K, committed 704K, reserved 1048576K
}
Event: 1.663 GC heap before
{Heap before GC invocations=1 (full 0):
 garbage-first heap   total 65536K, used 17356K [0x00000000c1200000, 0x0000000100000000)
  region size 1024K, 15 young (15360K), 2 survivors (2048K)
 Metaspace       used 12237K, committed 12416K, reserved 1064960K
  class space    used 1143K, committed 1216K, reserved 1048576K
}
Event: 1.671 GC heap after
{Heap after GC invocations=2 (full 0):
 garbage-first heap   total 65536K, used 6474K [0x00000000c1200000, 0x0000000100000000)
  region size 1024K, 2 young (2048K), 2 survivors (2048K)
 Metaspace       used 12237K, committed 12416K, reserved 1064960K
  class space    used 1143K, committed 1216K, reserved 1048576K
}
Event: 3.184 GC heap before
{Heap before GC invocations=2 (full 0):
 garbage-first heap   total 65536K, used 27978K [0x00000000c1200000, 0x0000000100000000)
  region size 1024K, 23 young (23552K), 2 survivors (2048K)
 Metaspace       used 18512K, committed 18688K, reserved 1073152K
  class space    used 1850K, committed 1920K, reserved 1048576K
}
Event: 3.197 GC heap after
{Heap after GC invocations=3 (full 0):
 garbage-first heap   total 65536K, used 9402K [0x00000000c1200000, 0x0000000100000000)
  region size 1024K, 3 young (3072K), 3 survivors (3072K)
 Metaspace       used 18512K, committed 18688K, reserved 1073152K
  class space    used 1850K, committed 1920K, reserved 1048576K
}
Event: 3.520 GC heap before
{Heap before GC invocations=3 (full 0):
 garbage-first heap   total 65536K, used 14522K [0x00000000c1200000, 0x0000000100000000)
  region size 1024K, 10 young (10240K), 3 survivors (3072K)
 Metaspace       used 21101K, committed 21248K, reserved 1073152K
  class space    used 2167K, committed 2240K, reserved 1048576K
}
Event: 3.527 GC heap after
{Heap after GC invocations=4 (full 0):
 garbage-first heap   total 65536K, used 10519K [0x00000000c1200000, 0x0000000100000000)
  region size 1024K, 1 young (1024K), 1 survivors (1024K)
 Metaspace       used 21101K, committed 21248K, reserved 1073152K
  class space    used 2167K, committed 2240K, reserved 1048576K
}
Event: 5.218 GC heap before
{Heap before GC invocations=5 (full 0):
 garbage-first heap   total 40960K, used 25879K [0x00000000c1200000, 0x0000000100000000)
  region size 1024K, 17 young (17408K), 1 survivors (1024K)
 Metaspace       used 25581K, committed 25792K, reserved 1073152K
  class space    used 2821K, committed 2880K, reserved 1048576K
}
Event: 5.240 GC heap after
{Heap after GC invocations=6 (full 0):
 garbage-first heap   total 40960K, used 11361K [0x00000000c1200000, 0x0000000100000000)
  region size 1024K, 2 young (2048K), 2 survivors (2048K)
 Metaspace       used 25581K, committed 25792K, reserved 1073152K
  class space    used 2821K, committed 2880K, reserved 1048576K
}
Event: 19.760 GC heap before
{Heap before GC invocations=6 (full 0):
 garbage-first heap   total 43008K, used 41057K [0x00000000c1200000, 0x0000000100000000)
  region size 1024K, 15 young (15360K), 2 survivors (2048K)
 Metaspace       used 28144K, committed 28288K, reserved 1081344K
  class space    used 3130K, committed 3200K, reserved 1048576K
}

