<?xml version="1.0" encoding="UTF-8"?>
<testng-results skipped="0" failed="0" ignored="0" total="1" passed="1">
  <reporter-output>
  </reporter-output>
  <suite name="Default suite" duration-ms="20014" started-at="2021-10-17T20:02:24 IST" finished-at="2021-10-17T20:02:44 IST">
    <groups>
    </groups>
    <test name="Default test" duration-ms="20014" started-at="2021-10-17T20:02:24 IST" finished-at="2021-10-17T20:02:44 IST">
      <class name="testcases.CreatLead">
        <test-method status="PASS" signature="getfilename()[pri:0, instance:testcases.CreatLead@51b279c9]" name="getfilename" is-config="true" duration-ms="14" started-at="2021-10-17T20:02:24 IST" finished-at="2021-10-17T20:02:24 IST">
          <reporter-output>
          </reporter-output>
        </test-method> <!-- getfilename -->
        <test-method status="PASS" signature="preCondtion()[pri:0, instance:testcases.CreatLead@51b279c9]" name="preCondtion" is-config="true" duration-ms="10401" started-at="2021-10-17T20:02:25 IST" finished-at="2021-10-17T20:02:35 IST">
          <reporter-output>
          </reporter-output>
        </test-method> <!-- preCondtion -->
        <test-method status="PASS" signature="createLead(java.lang.String,java.lang.String,java.lang.String)[pri:0, instance:testcases.CreatLead@51b279c9]" name="createLead" duration-ms="8073" started-at="2021-10-17T20:02:35 IST" data-provider="getdata" finished-at="2021-10-17T20:02:43 IST">
          <params>
            <param index="0">
              <value>
                <![CDATA[Meena]]>
              </value>
            </param>
            <param index="1">
              <value>
                <![CDATA[Rajkumar]]>
              </value>
            </param>
            <param index="2">
              <value>
                <![CDATA[cts]]>
              </value>
            </param>
          </params>
          <reporter-output>
          </reporter-output>
        </test-method> <!-- createLead -->
        <test-method status="PASS" signature="postCondtion()[pri:0, instance:testcases.CreatLead@51b279c9]" name="postCondtion" is-config="true" duration-ms="330" started-at="2021-10-17T20:02:43 IST" finished-at="2021-10-17T20:02:44 IST">
          <reporter-output>
          </reporter-output>
        </test-method> <!-- postCondtion -->
      </class> <!-- testcases.CreatLead -->
    </test> <!-- Default test -->
  </suite> <!-- Default suite -->
</testng-results>
